Arguments: 
  /Users/bytedance/.nvm/versions/node/v14.20.0/bin/node /Users/bytedance/.nvm/versions/node/v14.20.0/bin/yarn add -D lerna typescript

PATH: 
  /Users/bytedance/.nvm/versions/node/v14.20.0/bin:/usr/local/bin:/usr/bin:/bin:/usr/sbin:/sbin:/opt/puppetlabs/bin

Yarn version: 
  1.22.19

Node version: 
  14.20.0

Platform: 
  darwin x64

Trace: 
  Error: getaddrinfo ENOTFOUND bnpm.byted.org
      at GetAddrInfoReqWrap.onlookup [as oncomplete] (dns.js:71:26)

npm manifest: 
  {
    "name": "myMonorepo",
    "version": "1.0.0",
    "description": "my monorepo",
    "main": "index.js",
    "author": "yangshi.cy",
    "license": "MIT"
  }

yarn manifest: 
  No manifest

Lockfile: 
  No lockfile
